#
# There is insufficient memory for the Java Runtime Environment to continue.
# Native memory allocation (malloc) failed to allocate 2097152 bytes for AllocateHeap
# Possible reasons:
#   The system is out of physical RAM or swap space
#   The process is running with CompressedOops enabled, and the Java Heap may be blocking the growth of the native heap
# Possible solutions:
#   Reduce memory load on the system
#   Increase physical memory or swap space
#   Check if swap backing store is full
#   Decrease Java heap size (-Xmx/-Xms)
#   Decrease number of Java threads
#   Decrease Java thread stack sizes (-Xss)
#   Set larger code cache with -XX:ReservedCodeCacheSize=
#   JVM is running with Unscaled Compressed Oops mode in which the Java heap is
#     placed in the first 4GB address space. The Java Heap base address is the
#     maximum limit for the native heap growth. Please use -XX:HeapBaseMinAddress
#     to set the Java Heap base and to place the Java Heap above 4GB virtual address.
# This output file may be truncated or incomplete.
#
#  Out of Memory Error (allocation.cpp:44), pid=18824, tid=18628
#
# JRE version: OpenJDK Runtime Environment Temurin-17.0.10+7 (17.0.10+7) (build 17.0.10+7)
# Java VM: OpenJDK 64-Bit Server VM Temurin-17.0.10+7 (17.0.10+7, mixed mode, emulated-client, tiered, compressed oops, compressed class ptrs, g1 gc, windows-amd64)
# No core dump will be written. Minidumps are not enabled by default on client versions of Windows
#

---------------  S U M M A R Y ------------

Command Line: -XX:+HeapDumpOnOutOfMemoryError -Xmx1024m -Dsts.lsp.client=vscode -Dsts.log.file=/dev/null -XX:TieredStopAtLevel=1 -Xlog:jni+resolve=off -Dspring.config.location=file:c:\Users\Rodrigo\.vscode\extensions\vmware.vscode-spring-boot-1.53.0\language-server\BOOT-INF\classes\application.properties org.springframework.ide.vscode.boot.app.BootLanguageServerBootApp

Host: Intel(R) Core(TM) i5 CPU       M 450  @ 2.40GHz, 4 cores, 5G,  Windows 10 , 64 bit Build 19041 (10.0.19041.3636)
Time: Wed Apr 10 17:29:28 2024 Hora oficial do Brasil elapsed time: 7456.050704 seconds (0d 2h 4m 16s)

---------------  T H R E A D  ---------------

Current thread (0x00000232bb068fe0):  VMThread "VM Thread" [stack: 0x000000931f000000,0x000000931f100000] [id=18628]

Stack: [0x000000931f000000,0x000000931f100000]
Native frames: (J=compiled Java code, j=interpreted, Vv=VM code, C=native code)
V  [jvm.dll+0x67d2c9]
V  [jvm.dll+0x834afa]
V  [jvm.dll+0x8365be]
V  [jvm.dll+0x836c23]
V  [jvm.dll+0x2477ff]
V  [jvm.dll+0xa6c93]
V  [jvm.dll+0x2f86f1]
V  [jvm.dll+0x2f42e0]
V  [jvm.dll+0x2dc8c7]
V  [jvm.dll+0x31fb87]
V  [jvm.dll+0x83b11b]
V  [jvm.dll+0x83be61]
V  [jvm.dll+0x83c37d]
V  [jvm.dll+0x83c754]
V  [jvm.dll+0x83c820]
V  [jvm.dll+0x7e3fba]
V  [jvm.dll+0x67c1b5]
C  [ucrtbase.dll+0x21bb2]
C  [KERNEL32.DLL+0x17344]
C  [ntdll.dll+0x526b1]

VM_Operation (0x00000093202fec20): G1CollectFull, mode: safepoint, requested by thread 0x00000232c0ae0120


---------------  P R O C E S S  ---------------

Threads class SMR info:
_java_thread_list=0x00000232c07992f0, length=17, elements={
0x00000232bb081730, 0x00000232bb0825b0, 0x00000232bb0ae920, 0x00000232bb0af6b0,
0x00000232bb0b30a0, 0x00000232bb0b3970, 0x00000232bb0b42f0, 0x00000232bb0b6c10,
0x00000232bb3e1d20, 0x00000232bb3e80d0, 0x00000232c0b2f040, 0x00000232c0ae0120,
0x00000232c035e860, 0x00000232b0b20290, 0x00000232c015e860, 0x00000232c0110110,
0x00000232bbbe9890
}

Java Threads: ( => current thread )
  0x00000232bb081730 JavaThread "Reference Handler" daemon [_thread_blocked, id=992, stack(0x000000931f100000,0x000000931f200000)]
  0x00000232bb0825b0 JavaThread "Finalizer" daemon [_thread_blocked, id=18116, stack(0x000000931f200000,0x000000931f300000)]
  0x00000232bb0ae920 JavaThread "Signal Dispatcher" daemon [_thread_blocked, id=14428, stack(0x000000931f300000,0x000000931f400000)]
  0x00000232bb0af6b0 JavaThread "Attach Listener" daemon [_thread_blocked, id=10908, stack(0x000000931f400000,0x000000931f500000)]
  0x00000232bb0b30a0 JavaThread "Service Thread" daemon [_thread_blocked, id=10144, stack(0x000000931f500000,0x000000931f600000)]
  0x00000232bb0b3970 JavaThread "Monitor Deflation Thread" daemon [_thread_blocked, id=13384, stack(0x000000931f600000,0x000000931f700000)]
  0x00000232bb0b42f0 JavaThread "C1 CompilerThread0" daemon [_thread_blocked, id=10184, stack(0x000000931f700000,0x000000931f800000)]
  0x00000232bb0b6c10 JavaThread "Sweeper thread" daemon [_thread_blocked, id=3384, stack(0x000000931f800000,0x000000931f900000)]
  0x00000232bb3e1d20 JavaThread "Notification Thread" daemon [_thread_blocked, id=4032, stack(0x000000931f900000,0x000000931fa00000)]
  0x00000232bb3e80d0 JavaThread "Common-Cleaner" daemon [_thread_blocked, id=15920, stack(0x000000931fb00000,0x000000931fc00000)]
  0x00000232c0b2f040 JavaThread "boundedElastic-evictor-1" daemon [_thread_blocked, id=19052, stack(0x0000009320000000,0x0000009320100000)]
  0x00000232c0ae0120 JavaThread "pool-13-thread-1" [_thread_blocked, id=12272, stack(0x0000009320200000,0x0000009320300000)]
  0x00000232c035e860 JavaThread "LanguageServerApp-lifecycle" [_thread_blocked, id=15444, stack(0x0000009320300000,0x0000009320400000)]
  0x00000232b0b20290 JavaThread "DestroyJavaVM" [_thread_blocked, id=5116, stack(0x000000931ea00000,0x000000931eb00000)]
  0x00000232c015e860 JavaThread "pool-14-thread-1" [_thread_in_native, id=6032, stack(0x0000009320400000,0x0000009320500000)]
  0x00000232c0110110 JavaThread "Simple-Language-Server main thread" daemon [_thread_blocked, id=6244, stack(0x0000009320500000,0x0000009320600000)]
  0x00000232bbbe9890 JavaThread "pool-6-thread-1" [_thread_blocked, id=4056, stack(0x0000009320600000,0x0000009320700000)]

Other Threads:
=>0x00000232bb068fe0 VMThread "VM Thread" [stack: 0x000000931f000000,0x000000931f100000] [id=18628]
  0x00000232bb3e2200 WatcherThread [stack: 0x000000931fa00000,0x000000931fb00000] [id=2948]
  0x00000232b0b5dbf0 GCTaskThread "GC Thread#0" [stack: 0x000000931eb00000,0x000000931ec00000] [id=9576]
  0x00000232bbada960 GCTaskThread "GC Thread#1" [stack: 0x000000931fc00000,0x000000931fd00000] [id=17116]
  0x00000232bbadac20 GCTaskThread "GC Thread#2" [stack: 0x000000931fd00000,0x000000931fe00000] [id=5724]
  0x00000232bbadaee0 GCTaskThread "GC Thread#3" [stack: 0x000000931ff00000,0x0000009320000000] [id=19144]
  0x00000232b0b66b40 ConcurrentGCThread "G1 Main Marker" [stack: 0x000000931ec00000,0x000000931ed00000] [id=4448]
  0x00000232b0b67630 ConcurrentGCThread "G1 Conc#0" [stack: 0x000000931ed00000,0x000000931ee00000] [id=19416]
  0x00000232b0bc76a0 ConcurrentGCThread "G1 Refine#0" [stack: 0x000000931ee00000,0x000000931ef00000] [id=12168]
  0x00000232b0bc80d0 ConcurrentGCThread "G1 Service" [stack: 0x000000931ef00000,0x000000931f000000] [id=18552]

Threads with active compile tasks:

VM state: at safepoint (normal execution)

VM Mutex/Monitor currently owned by a thread:  ([mutex/lock_event])
[0x00000232ae94ad10] Threads_lock - owner thread: 0x00000232bb068fe0
[0x00000232ae929a40] Heap_lock - owner thread: 0x00000232c0ae0120

Heap address: 0x00000000c0000000, size: 1024 MB, Compressed Oops mode: 32-bit

CDS archive(s) not mapped
Compressed class space mapped at: 0x0000000100000000-0x0000000140000000, reserved size: 1073741824
Narrow klass base: 0x0000000000000000, Narrow klass shift: 3, Narrow klass range: 0x140000000

GC Precious Log:
 CPUs: 4 total, 4 available
 Memory: 5940M
 Large Page Support: Disabled
 NUMA Support: Disabled
 Compressed Oops: Enabled (32-bit)
 Heap Region Size: 1M
 Heap Min Capacity: 8M
 Heap Initial Capacity: 94M
 Heap Max Capacity: 1G
 Pre-touch: Disabled
 Parallel Workers: 4
 Concurrent Workers: 1
 Concurrent Refinement Workers: 4
 Periodic GC: Disabled

Heap:
 garbage-first heap   total 71680K, used 23886K [0x00000000c0000000, 0x0000000100000000)
  region size 1024K, 1 young (1024K), 0 survivors (0K)
 Metaspace       used 37754K, committed 38336K, reserved 1114112K
  class space    used 4913K, committed 5184K, reserved 1048576K

Heap Regions: E=young(eden), S=young(survivor), O=old, HS=humongous(starts), HC=humongous(continues), CS=collection set, F=free, OA=open archive, CA=closed archive, TAMS=top-at-mark-start (previous, next)
|   0|0x00000000c0000000, 0x00000000c0100000, 0x00000000c0100000|100%|HS|  |TAMS 0x00000000c0100000, 0x00000000c0000000| Untracked 
|   1|0x00000000c0100000, 0x00000000c0200000, 0x00000000c0200000|100%|HC|  |TAMS 0x00000000c0200000, 0x00000000c0100000| Untracked 
|   2|0x00000000c0200000, 0x00000000c0300000, 0x00000000c0300000|100%|HC|  |TAMS 0x00000000c0300000, 0x00000000c0200000| Untracked 
|   3|0x00000000c0300000, 0x00000000c0400000, 0x00000000c0400000|100%|HC|  |TAMS 0x00000000c0400000, 0x00000000c0300000| Untracked 
|   4|0x00000000c0400000, 0x00000000c0500000, 0x00000000c0500000|100%| O|  |TAMS 0x00000000c0500000, 0x00000000c0400000| Untracked 
|   5|0x00000000c0500000, 0x00000000c05fffb8, 0x00000000c0600000| 99%| O|  |TAMS 0x00000000c05fffb8, 0x00000000c0500000| Untracked 
|   6|0x00000000c0600000, 0x00000000c06ffff0, 0x00000000c0700000| 99%| O|  |TAMS 0x00000000c06ffff0, 0x00000000c0600000| Untracked 
|   7|0x00000000c0700000, 0x00000000c0800000, 0x00000000c0800000|100%| O|  |TAMS 0x00000000c0800000, 0x00000000c0700000| Untracked 
|   8|0x00000000c0800000, 0x00000000c0900000, 0x00000000c0900000|100%| O|  |TAMS 0x00000000c0900000, 0x00000000c0800000| Untracked 
|   9|0x00000000c0900000, 0x00000000c0a00000, 0x00000000c0a00000|100%| O|  |TAMS 0x00000000c0a00000, 0x00000000c0900000| Untracked 
|  10|0x00000000c0a00000, 0x00000000c0b00000, 0x00000000c0b00000|100%|HS|  |TAMS 0x00000000c0b00000, 0x00000000c0a00000| Untracked 
|  11|0x00000000c0b00000, 0x00000000c0c00000, 0x00000000c0c00000|100%|HC|  |TAMS 0x00000000c0c00000, 0x00000000c0b00000| Untracked 
|  12|0x00000000c0c00000, 0x00000000c0d00000, 0x00000000c0d00000|100%| O|  |TAMS 0x00000000c0d00000, 0x00000000c0c00000| Untracked 
|  13|0x00000000c0d00000, 0x00000000c0dffff0, 0x00000000c0e00000| 99%| O|  |TAMS 0x00000000c0dffff0, 0x00000000c0d00000| Untracked 
|  14|0x00000000c0e00000, 0x00000000c0efffb0, 0x00000000c0f00000| 99%| O|  |TAMS 0x00000000c0efffb0, 0x00000000c0e00000| Untracked 
|  15|0x00000000c0f00000, 0x00000000c0ffffe0, 0x00000000c1000000| 99%| O|  |TAMS 0x00000000c0ffffe0, 0x00000000c0f00000| Untracked 
|  16|0x00000000c1000000, 0x00000000c10fffe8, 0x00000000c1100000| 99%| O|  |TAMS 0x00000000c10fffe8, 0x00000000c1000000| Untracked 
|  17|0x00000000c1100000, 0x00000000c11ffff0, 0x00000000c1200000| 99%| O|  |TAMS 0x00000000c11ffff0, 0x00000000c1100000| Untracked 
|  18|0x00000000c1200000, 0x00000000c12ffff8, 0x00000000c1300000| 99%| O|  |TAMS 0x00000000c12ffff8, 0x00000000c1200000| Untracked 
|  19|0x00000000c1300000, 0x00000000c13fa050, 0x00000000c1400000| 97%| O|  |TAMS 0x00000000c13fa050, 0x00000000c1300000| Untracked 
|  20|0x00000000c1400000, 0x00000000c1500000, 0x00000000c1500000|100%| O|  |TAMS 0x00000000c1500000, 0x00000000c1400000| Untracked 
|  21|0x00000000c1500000, 0x00000000c1600000, 0x00000000c1600000|100%| O|  |TAMS 0x00000000c1600000, 0x00000000c1500000| Untracked 
|  22|0x00000000c1600000, 0x00000000c16cb150, 0x00000000c1700000| 79%| O|  |TAMS 0x00000000c1600000, 0x00000000c1600000| Untracked 
|  23|0x00000000c1700000, 0x00000000c178e9e0, 0x00000000c1800000| 55%| O|  |TAMS 0x00000000c1700000, 0x00000000c1700000| Untracked 
|  24|0x00000000c1800000, 0x00000000c1800000, 0x00000000c1900000|  0%| F|  |TAMS 0x00000000c1800000, 0x00000000c1800000| Untracked 
|  25|0x00000000c1900000, 0x00000000c1900000, 0x00000000c1a00000|  0%| F|  |TAMS 0x00000000c1900000, 0x00000000c1900000| Untracked 
|  26|0x00000000c1a00000, 0x00000000c1a00000, 0x00000000c1b00000|  0%| F|  |TAMS 0x00000000c1a00000, 0x00000000c1a00000| Untracked 
|  27|0x00000000c1b00000, 0x00000000c1b00000, 0x00000000c1c00000|  0%| F|  |TAMS 0x00000000c1b00000, 0x00000000c1b00000| Untracked 
|  28|0x00000000c1c00000, 0x00000000c1c00000, 0x00000000c1d00000|  0%| F|  |TAMS 0x00000000c1c00000, 0x00000000c1c00000| Untracked 
|  29|0x00000000c1d00000, 0x00000000c1d00000, 0x00000000c1e00000|  0%| F|  |TAMS 0x00000000c1d00000, 0x00000000c1d00000| Untracked 
|  30|0x00000000c1e00000, 0x00000000c1e00000, 0x00000000c1f00000|  0%| F|  |TAMS 0x00000000c1e00000, 0x00000000c1e00000| Untracked 
|  31|0x00000000c1f00000, 0x00000000c1f00000, 0x00000000c2000000|  0%| F|  |TAMS 0x00000000c1f00000, 0x00000000c1f00000| Untracked 
|  32|0x00000000c2000000, 0x00000000c2000000, 0x00000000c2100000|  0%| F|  |TAMS 0x00000000c2000000, 0x00000000c2000000| Untracked 
|  33|0x00000000c2100000, 0x00000000c2100000, 0x00000000c2200000|  0%| F|  |TAMS 0x00000000c2100000, 0x00000000c2100000| Untracked 
|  34|0x00000000c2200000, 0x00000000c2200000, 0x00000000c2300000|  0%| F|  |TAMS 0x00000000c2200000, 0x00000000c2200000| Untracked 
|  35|0x00000000c2300000, 0x00000000c2300000, 0x00000000c2400000|  0%| F|  |TAMS 0x00000000c2300000, 0x00000000c2300000| Untracked 
|  36|0x00000000c2400000, 0x00000000c2400000, 0x00000000c2500000|  0%| F|  |TAMS 0x00000000c2400000, 0x00000000c2400000| Untracked 
|  37|0x00000000c2500000, 0x00000000c2500000, 0x00000000c2600000|  0%| F|  |TAMS 0x00000000c2500000, 0x00000000c2500000| Untracked 
|  38|0x00000000c2600000, 0x00000000c2600000, 0x00000000c2700000|  0%| F|  |TAMS 0x00000000c2600000, 0x00000000c2600000| Untracked 
|  39|0x00000000c2700000, 0x00000000c2700000, 0x00000000c2800000|  0%| F|  |TAMS 0x00000000c2700000, 0x00000000c2700000| Untracked 
|  40|0x00000000c2800000, 0x00000000c2800000, 0x00000000c2900000|  0%| F|  |TAMS 0x00000000c2800000, 0x00000000c2800000| Untracked 
|  41|0x00000000c2900000, 0x00000000c2900000, 0x00000000c2a00000|  0%| F|  |TAMS 0x00000000c2900000, 0x00000000c2900000| Untracked 
|  42|0x00000000c2a00000, 0x00000000c2a00000, 0x00000000c2b00000|  0%| F|  |TAMS 0x00000000c2a00000, 0x00000000c2a00000| Untracked 
|  43|0x00000000c2b00000, 0x00000000c2b00000, 0x00000000c2c00000|  0%| F|  |TAMS 0x00000000c2b00000, 0x00000000c2b00000| Untracked 
|  44|0x00000000c2c00000, 0x00000000c2c00000, 0x00000000c2d00000|  0%| F|  |TAMS 0x00000000c2c00000, 0x00000000c2c00000| Untracked 
|  45|0x00000000c2d00000, 0x00000000c2d00000, 0x00000000c2e00000|  0%| F|  |TAMS 0x00000000c2d00000, 0x00000000c2d00000| Untracked 
|  46|0x00000000c2e00000, 0x00000000c2e00000, 0x00000000c2f00000|  0%| F|  |TAMS 0x00000000c2e00000, 0x00000000c2e00000| Untracked 
|  47|0x00000000c2f00000, 0x00000000c2f00000, 0x00000000c3000000|  0%| F|  |TAMS 0x00000000c2f00000, 0x00000000c2f00000| Untracked 
|  48|0x00000000c3000000, 0x00000000c3000000, 0x00000000c3100000|  0%| F|  |TAMS 0x00000000c3000000, 0x00000000c3000000| Untracked 
|  49|0x00000000c3100000, 0x00000000c3100000, 0x00000000c3200000|  0%| F|  |TAMS 0x00000000c3100000, 0x00000000c3100000| Untracked 
|  50|0x00000000c3200000, 0x00000000c3200000, 0x00000000c3300000|  0%| F|  |TAMS 0x00000000c3200000, 0x00000000c3200000| Untracked 
|  51|0x00000000c3300000, 0x00000000c3300000, 0x00000000c3400000|  0%| F|  |TAMS 0x00000000c3300000, 0x00000000c3300000| Untracked 
|  52|0x00000000c3400000, 0x00000000c3400000, 0x00000000c3500000|  0%| F|  |TAMS 0x00000000c3400000, 0x00000000c3400000| Untracked 
|  53|0x00000000c3500000, 0x00000000c3500000, 0x00000000c3600000|  0%| F|  |TAMS 0x00000000c3500000, 0x00000000c3500000| Untracked 
|  54|0x00000000c3600000, 0x00000000c3600000, 0x00000000c3700000|  0%| F|  |TAMS 0x00000000c3600000, 0x00000000c3600000| Untracked 
|  55|0x00000000c3700000, 0x00000000c3700000, 0x00000000c3800000|  0%| F|  |TAMS 0x00000000c3700000, 0x00000000c3700000| Untracked 
|  56|0x00000000c3800000, 0x00000000c3800000, 0x00000000c3900000|  0%| F|  |TAMS 0x00000000c3800000, 0x00000000c3800000| Untracked 
|  57|0x00000000c3900000, 0x00000000c3900000, 0x00000000c3a00000|  0%| F|  |TAMS 0x00000000c3900000, 0x00000000c3900000| Untracked 
|  58|0x00000000c3a00000, 0x00000000c3a00000, 0x00000000c3b00000|  0%| F|  |TAMS 0x00000000c3a00000, 0x00000000c3a00000| Untracked 
|  59|0x00000000c3b00000, 0x00000000c3b00000, 0x00000000c3c00000|  0%| F|  |TAMS 0x00000000c3b00000, 0x00000000c3b00000| Untracked 
|  60|0x00000000c3c00000, 0x00000000c3c00000, 0x00000000c3d00000|  0%| F|  |TAMS 0x00000000c3c00000, 0x00000000c3c00000| Untracked 
|  61|0x00000000c3d00000, 0x00000000c3d00000, 0x00000000c3e00000|  0%| F|  |TAMS 0x00000000c3d00000, 0x00000000c3d00000| Untracked 
|  62|0x00000000c3e00000, 0x00000000c3e00000, 0x00000000c3f00000|  0%| F|  |TAMS 0x00000000c3e00000, 0x00000000c3e00000| Untracked 
|  63|0x00000000c3f00000, 0x00000000c3f00000, 0x00000000c4000000|  0%| F|  |TAMS 0x00000000c3f00000, 0x00000000c3f00000| Untracked 
|  64|0x00000000c4000000, 0x00000000c4000000, 0x00000000c4100000|  0%| F|  |TAMS 0x00000000c4000000, 0x00000000c4000000| Untracked 
|  65|0x00000000c4100000, 0x00000000c4100000, 0x00000000c4200000|  0%| F|  |TAMS 0x00000000c4100000, 0x00000000c4100000| Untracked 
|  66|0x00000000c4200000, 0x00000000c4200000, 0x00000000c4300000|  0%| F|  |TAMS 0x00000000c4200000, 0x00000000c4200000| Untracked 
|  67|0x00000000c4300000, 0x00000000c4300000, 0x00000000c4400000|  0%| F|  |TAMS 0x00000000c4300000, 0x00000000c4300000| Untracked 
|  68|0x00000000c4400000, 0x00000000c4400000, 0x00000000c4500000|  0%| F|  |TAMS 0x00000000c4400000, 0x00000000c4400000| Untracked 
|  93|0x00000000c5d00000, 0x00000000c5d276f8, 0x00000000c5e00000| 15%| E|  |TAMS 0x00000000c5d00000, 0x00000000c5d00000| Complete 

Card table byte_map: [0x00000232b67b0000,0x00000232b69b0000] _byte_map_base: 0x00000232b61b0000

Marking Bits (Prev, Next): (CMBitMap*) 0x00000232b0b5e210, (CMBitMap*) 0x00000232b0b5e250
 Prev Bits: [0x00000232b6bb0000, 0x00000232b7bb0000)
 Next Bits: [0x00000232b7bb0000, 0x00000232b8bb0000)

Polling page: 0x00000232aea70000

Metaspace:

Usage:
  Non-class:     32.07 MB used.
      Class:      4.80 MB used.
       Both:     36.87 MB used.

Virtual space:
  Non-class space:       64.00 MB reserved,      32.38 MB ( 51%) committed,  1 nodes.
      Class space:        1.00 GB reserved,       5.06 MB ( <1%) committed,  1 nodes.
             Both:        1.06 GB reserved,      37.44 MB (  3%) committed. 

Chunk freelists:
   Non-Class:  15.71 MB
       Class:  10.99 MB
        Both:  26.70 MB

MaxMetaspaceSize: unlimited
CompressedClassSpaceSize: 1.00 GB
Initial GC threshold: 21.00 MB
Current GC threshold: 62.44 MB
CDS: off
MetaspaceReclaimPolicy: balanced
 - commit_granule_bytes: 65536.
 - commit_granule_words: 8192.
 - virtual_space_node_default_size: 8388608.
 - enlarge_chunks_in_place: 1.
 - new_chunks_are_fully_committed: 0.
 - uncommit_free_chunks: 1.
 - use_allocation_guard: 0.
 - handle_deallocations: 1.


Internal statistics:

num_allocs_failed_limit: 6.
num_arena_births: 482.
num_arena_deaths: 138.
num_vsnodes_births: 2.
num_vsnodes_deaths: 0.
num_space_committed: 599.
num_space_uncommitted: 0.
num_chunks_returned_to_freelist: 162.
num_chunks_taken_from_freelist: 1598.
num_chunk_merges: 46.
num_chunk_splits: 1095.
num_chunks_enlarged: 832.
num_inconsistent_stats: 0.

CodeCache: size=49152Kb used=6854Kb max_used=7722Kb free=42297Kb
 bounds [0x00000232b37b0000, 0x00000232b3f40000, 0x00000232b67b0000]
 total_blobs=4227 nmethods=3685 adapters=469
 compilation: enabled
              stopped_count=0, restarted_count=0
 full_count=0

Compilation events (20 events):
Event: 2732.631 Thread 0x00000232bb0b42f0 3673       1       java.lang.ProcessImpl$2::run (5 bytes)
Event: 2732.632 Thread 0x00000232bb0b42f0 nmethod 3673 0x00000232b39c3090 code [0x00000232b39c3220, 0x00000232b39c3308]
Event: 2732.922 Thread 0x00000232bb0b42f0 3674   !   1       java.io.FilterOutputStream::close (183 bytes)
Event: 2732.963 Thread 0x00000232bb0b42f0 nmethod 3674 0x00000232b39c2310 code [0x00000232b39c2520, 0x00000232b39c29f8]
Event: 2732.963 Thread 0x00000232bb0b42f0 3679       1       java.lang.ProcessImpl$$Lambda$741/0x00000001003e1090::run (8 bytes)
Event: 2732.964 Thread 0x00000232bb0b42f0 nmethod 3679 0x00000232b39c2010 code [0x00000232b39c21a0, 0x00000232b39c2288]
Event: 2732.964 Thread 0x00000232bb0b42f0 3680       1       java.lang.ProcessImpl::lambda$new$0 (6 bytes)
Event: 2732.964 Thread 0x00000232bb0b42f0 nmethod 3680 0x00000232b39c1d10 code [0x00000232b39c1ea0, 0x00000232b39c1f68]
Event: 2732.964 Thread 0x00000232bb0b42f0 3675   !   1       java.io.FileOutputStream::close (69 bytes)
Event: 2732.964 Thread 0x00000232bb0b42f0 nmethod 3675 0x00000232b39c1690 code [0x00000232b39c1860, 0x00000232b39c1bd8]
Event: 2732.964 Thread 0x00000232bb0b42f0 3676       1       java.io.FileOutputStream$1::<init> (10 bytes)
Event: 2732.964 Thread 0x00000232bb0b42f0 nmethod 3676 0x00000232b39c1390 code [0x00000232b39c1520, 0x00000232b39c1638]
Event: 2732.964 Thread 0x00000232bb0b42f0 3677       1       java.io.FileOutputStream$1::close (11 bytes)
Event: 2732.964 Thread 0x00000232bb0b42f0 nmethod 3677 0x00000232b39c0d10 code [0x00000232b39c0ec0, 0x00000232b39c11d8]
Event: 4078.291 Thread 0x00000232bb0b42f0 3681       1       java.lang.ProcessImpl$2::run (242 bytes)
Event: 4078.293 Thread 0x00000232bb0b42f0 nmethod 3681 0x00000232b39bf290 code [0x00000232b39bf540, 0x00000232b39c02d8]
Event: 4078.293 Thread 0x00000232bb0b42f0 3682       1       java.io.BufferedOutputStream::<init> (9 bytes)
Event: 4078.294 Thread 0x00000232bb0b42f0 nmethod 3682 0x00000232b39bed10 code [0x00000232b39beea0, 0x00000232b39bf178]
Event: 4078.294 Thread 0x00000232bb0b42f0 3683       1       java.lang.ProcessImpl::waitFor (136 bytes)
Event: 4078.295 Thread 0x00000232bb0b42f0 nmethod 3683 0x00000232b39be490 code [0x00000232b39be6a0, 0x00000232b39bead8]

GC Heap History (20 events):
Event: 7350.708 GC heap before
{Heap before GC invocations=707 (full 696):
 garbage-first heap   total 71680K, used 23886K [0x00000000c0000000, 0x0000000100000000)
  region size 1024K, 1 young (1024K), 0 survivors (0K)
 Metaspace       used 37754K, committed 38336K, reserved 1114112K
  class space    used 4913K, committed 5184K, reserved 1048576K
}
Event: 7350.749 GC heap after
{Heap after GC invocations=708 (full 697):
 garbage-first heap   total 71680K, used 23886K [0x00000000c0000000, 0x0000000100000000)
  region size 1024K, 0 young (0K), 0 survivors (0K)
 Metaspace       used 37754K, committed 38336K, reserved 1114112K
  class space    used 4913K, committed 5184K, reserved 1048576K
}
Event: 7361.165 GC heap before
{Heap before GC invocations=708 (full 697):
 garbage-first heap   total 71680K, used 23886K [0x00000000c0000000, 0x0000000100000000)
  region size 1024K, 1 young (1024K), 0 survivors (0K)
 Metaspace       used 37754K, committed 38336K, reserved 1114112K
  class space    used 4913K, committed 5184K, reserved 1048576K
}
Event: 7361.210 GC heap after
{Heap after GC invocations=709 (full 698):
 garbage-first heap   total 71680K, used 23886K [0x00000000c0000000, 0x0000000100000000)
  region size 1024K, 0 young (0K), 0 survivors (0K)
 Metaspace       used 37754K, committed 38336K, reserved 1114112K
  class space    used 4913K, committed 5184K, reserved 1048576K
}
Event: 7371.588 GC heap before
{Heap before GC invocations=709 (full 698):
 garbage-first heap   total 71680K, used 23886K [0x00000000c0000000, 0x0000000100000000)
  region size 1024K, 1 young (1024K), 0 survivors (0K)
 Metaspace       used 37754K, committed 38336K, reserved 1114112K
  class space    used 4913K, committed 5184K, reserved 1048576K
}
Event: 7371.630 GC heap after
{Heap after GC invocations=710 (full 699):
 garbage-first heap   total 71680K, used 23886K [0x00000000c0000000, 0x0000000100000000)
  region size 1024K, 0 young (0K), 0 survivors (0K)
 Metaspace       used 37754K, committed 38336K, reserved 1114112K
  class space    used 4913K, committed 5184K, reserved 1048576K
}
Event: 7381.988 GC heap before
{Heap before GC invocations=710 (full 699):
 garbage-first heap   total 71680K, used 23886K [0x00000000c0000000, 0x0000000100000000)
  region size 1024K, 1 young (1024K), 0 survivors (0K)
 Metaspace       used 37754K, committed 38336K, reserved 1114112K
  class space    used 4913K, committed 5184K, reserved 1048576K
}
Event: 7382.029 GC heap after
{Heap after GC invocations=711 (full 700):
 garbage-first heap   total 71680K, used 23886K [0x00000000c0000000, 0x0000000100000000)
  region size 1024K, 0 young (0K), 0 survivors (0K)
 Metaspace       used 37754K, committed 38336K, reserved 1114112K
  class space    used 4913K, committed 5184K, reserved 1048576K
}
Event: 7392.439 GC heap before
{Heap before GC invocations=711 (full 700):
 garbage-first heap   total 71680K, used 23886K [0x00000000c0000000, 0x0000000100000000)
  region size 1024K, 1 young (1024K), 0 survivors (0K)
 Metaspace       used 37754K, committed 38336K, reserved 1114112K
  class space    used 4913K, committed 5184K, reserved 1048576K
}
Event: 7392.480 GC heap after
{Heap after GC invocations=712 (full 701):
 garbage-first heap   total 71680K, used 23886K [0x00000000c0000000, 0x0000000100000000)
  region size 1024K, 0 young (0K), 0 survivors (0K)
 Metaspace       used 37754K, committed 38336K, reserved 1114112K
  class space    used 4913K, committed 5184K, reserved 1048576K
}
Event: 7402.830 GC heap before
{Heap before GC invocations=712 (full 701):
 garbage-first heap   total 71680K, used 23886K [0x00000000c0000000, 0x0000000100000000)
  region size 1024K, 1 young (1024K), 0 survivors (0K)
 Metaspace       used 37754K, committed 38336K, reserved 1114112K
  class space    used 4913K, committed 5184K, reserved 1048576K
}
Event: 7402.870 GC heap after
{Heap after GC invocations=713 (full 702):
 garbage-first heap   total 71680K, used 23886K [0x00000000c0000000, 0x0000000100000000)
  region size 1024K, 0 young (0K), 0 survivors (0K)
 Metaspace       used 37754K, committed 38336K, reserved 1114112K
  class space    used 4913K, committed 5184K, reserved 1048576K
}
Event: 7413.263 GC heap before
{Heap before GC invocations=713 (full 702):
 garbage-first heap   total 71680K, used 23886K [0x00000000c0000000, 0x0000000100000000)
  region size 1024K, 1 young (1024K), 0 survivors (0K)
 Metaspace       used 37754K, committed 38336K, reserved 1114112K
  class space    used 4913K, committed 5184K, reserved 1048576K
}
Event: 7413.309 GC heap after
{Heap after GC invocations=714 (full 703):
 garbage-first heap   total 71680K, used 23886K [0x00000000c0000000, 0x0000000100000000)
  region size 1024K, 0 young (0K), 0 survivors (0K)
 Metaspace       used 37754K, committed 38336K, reserved 1114112K
  class space    used 4913K, committed 5184K, reserved 1048576K
}
Event: 7423.942 GC heap before
{Heap before GC invocations=714 (full 703):
 garbage-first heap   total 71680K, used 23886K [0x00000000c0000000, 0x0000000100000000)
  region size 1024K, 1 young (1024K), 0 survivors (0K)
 Metaspace       used 37754K, committed 38336K, reserved 1114112K
  class space    used 4913K, committed 5184K, reserved 1048576K
}
Event: 7423.986 GC heap after
{Heap after GC invocations=715 (full 704):
 garbage-first heap   total 71680K, used 23886K [0x00000000c0000000, 0x0000000100000000)
  region size 1024K, 0 young (0K), 0 survivors (0K)
 Metaspace       used 37754K, committed 38336K, reserved 1114112K
  class space    used 4913K, committed 5184K, reserved 1048576K
}
Event: 7434.409 GC heap before
{Heap before GC invocations=715 (full 704):
 garbage-first heap   total 71680K, used 23886K [0x00000000c0000000, 0x0000000100000000)
  region size 1024K, 1 young (1024K), 0 survivors (0K)
 Metaspace       used 37754K, committed 38336K, reserved 1114112K
  class space    used 4913K, committed 5184K, reserved 1048576K
}
Event: 7434.452 GC heap after
{Heap after GC invocations=716 (full 705):
 garbage-first heap   total 71680K, used 23886K [0x00000000c0000000, 0x0000000100000000)
  region size 1024K, 0 young (0K), 0 survivors (0K)
 Metaspace       used 37754K, committed 38336K, reserved 1114112K
  class space    used 4913K, committed 5184K, reserved 1048576K
}
Event: 7444.835 GC heap before
{Heap before GC invocations=716 (full 705):
 garbage-first heap   total 71680K, used 23886K [0x00000000c0000000, 0x0000000100000000)
  region size 1024K, 1 young (1024K), 0 survivors (0K)
 Metaspace       used 37754K, committed 38336K, reserved 1114112K
  class space    used 4913K, committed 5184K, reserved 1048576K
}
Event: 7444.875 GC heap after
{Heap after GC invocations=717 (full 706):
 garbage-first heap   total 71680K, used 23886K [0x00000000c0000000, 0x0000000100000000)
  region size 1024K, 0 young (0K), 0 survivors (0K)
 Metaspace       used 37754K, committed 38336K, reserved 1114112K
  class space    used 4913K, committed 5184K, reserved 1048576K
}

Dll operation events (8 events):
Event: 0.104 Loaded shared library c:\Users\Rodrigo\.vscode\extensions\redhat.java-1.29.0-win32-x64\jre\17.0.10-win32-x86_64\bin\java.dll
Event: 5.661 Loaded shared library C:\Users\Rodrigo\.vscode\extensions\redhat.java-1.29.0-win32-x64\jre\17.0.10-win32-x86_64\bin\net.dll
Event: 5.871 Loaded shared library C:\Users\Rodrigo\.vscode\extensions\redhat.java-1.29.0-win32-x64\jre\17.0.10-win32-x86_64\bin\nio.dll
Event: 5.893 Loaded shared library C:\Users\Rodrigo\.vscode\extensions\redhat.java-1.29.0-win32-x64\jre\17.0.10-win32-x86_64\bin\zip.dll
Event: 8.621 Loaded shared library C:\Users\Rodrigo\.vscode\extensions\redhat.java-1.29.0-win32-x64\jre\17.0.10-win32-x86_64\bin\jimage.dll
Event: 17.944 Loaded shared library c:\Users\Rodrigo\.vscode\extensions\redhat.java-1.29.0-win32-x64\jre\17.0.10-win32-x86_64\bin\verify.dll
Event: 26.074 Loaded shared library C:\Users\Rodrigo\.vscode\extensions\redhat.java-1.29.0-win32-x64\jre\17.0.10-win32-x86_64\bin\management.dll
Event: 26.085 Loaded shared library C:\Users\Rodrigo\.vscode\extensions\redhat.java-1.29.0-win32-x64\jre\17.0.10-win32-x86_64\bin\management_ext.dll

Deoptimization events (4 events):
Event: 26.866 Thread 0x00000232c015e860 DEOPT PACKING pc=0x00000232b3ce1901 sp=0x00000093204fdb50
Event: 26.866 Thread 0x00000232c015e860 DEOPT UNPACKING pc=0x00000232b3807124 sp=0x00000093204fcfe0 mode 3
Event: 26.889 Thread 0x00000232c0110110 DEOPT PACKING pc=0x00000232b3cbfd17 sp=0x00000093205ff0b0
Event: 26.889 Thread 0x00000232c0110110 DEOPT UNPACKING pc=0x00000232b3807124 sp=0x00000093205fe508 mode 3

Classes unloaded (20 events):
Event: 87.968 Thread 0x00000232bb068fe0 Unloading class 0x00000001003a9400 'java/lang/invoke/LambdaForm$MH+0x00000001003a9400'
Event: 87.968 Thread 0x00000232bb068fe0 Unloading class 0x00000001003a9000 'java/lang/invoke/LambdaForm$MH+0x00000001003a9000'
Event: 87.968 Thread 0x00000232bb068fe0 Unloading class 0x0000000100096000 'java/lang/invoke/LambdaForm$MH+0x0000000100096000'
Event: 87.968 Thread 0x00000232bb068fe0 Unloading class 0x0000000100095c00 'java/lang/invoke/LambdaForm$MH+0x0000000100095c00'
Event: 87.968 Thread 0x00000232bb068fe0 Unloading class 0x0000000100095800 'java/lang/invoke/LambdaForm$MH+0x0000000100095800'
Event: 87.968 Thread 0x00000232bb068fe0 Unloading class 0x0000000100095400 'java/lang/invoke/LambdaForm$MH+0x0000000100095400'
Event: 87.968 Thread 0x00000232bb068fe0 Unloading class 0x0000000100095000 'java/lang/invoke/LambdaForm$MH+0x0000000100095000'
Event: 87.968 Thread 0x00000232bb068fe0 Unloading class 0x0000000100094c00 'java/lang/invoke/LambdaForm$MH+0x0000000100094c00'
Event: 87.968 Thread 0x00000232bb068fe0 Unloading class 0x0000000100094800 'java/lang/invoke/LambdaForm$MH+0x0000000100094800'
Event: 87.968 Thread 0x00000232bb068fe0 Unloading class 0x0000000100094400 'java/lang/invoke/LambdaForm$MH+0x0000000100094400'
Event: 87.968 Thread 0x00000232bb068fe0 Unloading class 0x000000010008e800 'java/lang/invoke/LambdaForm$MH+0x000000010008e800'
Event: 87.968 Thread 0x00000232bb068fe0 Unloading class 0x000000010008e400 'java/lang/invoke/LambdaForm$MH+0x000000010008e400'
Event: 87.968 Thread 0x00000232bb068fe0 Unloading class 0x000000010008e000 'java/lang/invoke/LambdaForm$MH+0x000000010008e000'
Event: 87.968 Thread 0x00000232bb068fe0 Unloading class 0x000000010008dc00 'java/lang/invoke/LambdaForm$MH+0x000000010008dc00'
Event: 87.968 Thread 0x00000232bb068fe0 Unloading class 0x000000010008d800 'java/lang/invoke/LambdaForm$MH+0x000000010008d800'
Event: 87.968 Thread 0x00000232bb068fe0 Unloading class 0x000000010008d400 'java/lang/invoke/LambdaForm$MH+0x000000010008d400'
Event: 87.968 Thread 0x00000232bb068fe0 Unloading class 0x000000010008cc00 'java/lang/invoke/LambdaForm$MH+0x000000010008cc00'
Event: 87.968 Thread 0x00000232bb068fe0 Unloading class 0x000000010008c800 'java/lang/invoke/LambdaForm$MH+0x000000010008c800'
Event: 87.968 Thread 0x00000232bb068fe0 Unloading class 0x000000010008c000 'java/lang/invoke/LambdaForm$MH+0x000000010008c000'
Event: 87.968 Thread 0x00000232bb068fe0 Unloading class 0x000000010008bc00 'java/lang/invoke/LambdaForm$MH+0x000000010008bc00'

Classes redefined (0 events):
No events

Internal exceptions (20 events):
Event: 22.819 Thread 0x00000232b0b20290 Exception <a 'java/lang/NoSuchMethodError'{0x00000000c3bc7020}: 'int java.lang.invoke.Invokers$Holder.linkToTargetMethod(java.lang.Object, java.lang.Object)'> (0x00000000c3bc7020) 
thrown [s\src\hotspot\share\interpreter\linkResolver.cpp, line 759]
Event: 22.880 Thread 0x00000232b0b20290 Exception <a 'java/lang/NoSuchMethodError'{0x00000000c3ab6e88}: 'java.lang.Object java.lang.invoke.DirectMethodHandle$Holder.invokeSpecial(java.lang.Object, java.lang.Object, java.lang.Object, java.lang.Object, java.lang.Object, java.lang.Object, java.lang.Object, java.lang.Object, java.lang.Object, java.lang.Object)'> (0x00000000c3ab6e88) 
thrown [s\src\hotspot\share\interpreter\linkResolver.cpp, line 759]
Event: 22.881 Thread 0x00000232b0b20290 Exception <a 'java/lang/NoSuchMethodError'{0x00000000c3abb470}: 'java.lang.Object java.lang.invoke.Invokers$Holder.invoke_MT(java.lang.Object, java.lang.Object, java.lang.Object, java.lang.Object, java.lang.Object, java.lang.Object, java.lang.Object, java.lang.Object, java.lang.Object, java.lang.Object)'> (0x00000000c3abb470) 
thrown [s\src\hotspot\share\interpreter\linkResolver.cpp, line 759]
Event: 22.901 Thread 0x00000232b0b20290 Exception <a 'java/lang/NoSuchMethodError'{0x00000000c3902b00}: 'java.lang.Object java.lang.invoke.DirectMethodHandle$Holder.invokeSpecial(java.lang.Object, java.lang.Object, int, java.lang.Object, java.lang.Object)'> (0x00000000c3902b00) 
thrown [s\src\hotspot\share\interpreter\linkResolver.cpp, line 759]
Event: 22.902 Thread 0x00000232b0b20290 Exception <a 'java/lang/NoSuchMethodError'{0x00000000c39067a8}: 'java.lang.Object java.lang.invoke.DelegatingMethodHandle$Holder.delegate(java.lang.Object, int, java.lang.Object, java.lang.Object)'> (0x00000000c39067a8) 
thrown [s\src\hotspot\share\interpreter\linkResolver.cpp, line 759]
Event: 22.909 Thread 0x00000232b0b20290 Exception <a 'java/lang/NoSuchMethodError'{0x00000000c3917630}: 'int java.lang.invoke.Invokers$Holder.linkToTargetMethod(java.lang.Object, java.lang.Object, java.lang.Object)'> (0x00000000c3917630) 
thrown [s\src\hotspot\share\interpreter\linkResolver.cpp, line 759]
Event: 23.406 Thread 0x00000232b0b20290 Exception <a 'java/lang/NoSuchMethodError'{0x00000000c35992a0}: 'java.lang.Object java.lang.invoke.DirectMethodHandle$Holder.invokeStaticInit(java.lang.Object, int, int, int, int)'> (0x00000000c35992a0) 
thrown [s\src\hotspot\share\interpreter\linkResolver.cpp, line 759]
Event: 23.618 Thread 0x00000232b0b20290 Exception <a 'java/lang/NoSuchMethodError'{0x00000000c35c4ce8}: 'java.lang.Object java.lang.invoke.DirectMethodHandle$Holder.invokeStaticInit(java.lang.Object, java.lang.Object, int, int, int, int)'> (0x00000000c35c4ce8) 
thrown [s\src\hotspot\share\interpreter\linkResolver.cpp, line 759]
Event: 24.580 Thread 0x00000232b0b20290 Exception <a 'java/lang/NoSuchMethodError'{0x00000000c5d04760}: 'void java.lang.invoke.DirectMethodHandle$Holder.invokeSpecialIFC(java.lang.Object, java.lang.Object, java.lang.Object)'> (0x00000000c5d04760) 
thrown [s\src\hotspot\share\interpreter\linkResolver.cpp, line 759]
Event: 25.371 Thread 0x00000232b0b20290 Exception <a 'java/lang/NoSuchMethodError'{0x00000000c35c8ca0}: 'int java.lang.invoke.DirectMethodHandle$Holder.invokeStaticInit(java.lang.Object, java.lang.Object, int, java.lang.Object)'> (0x00000000c35c8ca0) 
thrown [s\src\hotspot\share\interpreter\linkResolver.cpp, line 759]
Event: 25.439 Thread 0x00000232b0b20290 Exception <a 'java/lang/NoSuchMethodError'{0x00000000c34d9fc8}: 'void java.lang.invoke.DirectMethodHandle$Holder.invokeSpecial(java.lang.Object, java.lang.Object, java.lang.Object, java.lang.Object, java.lang.Object, java.lang.Object, java.lang.Object)'> (0x00000000c34d9fc8) 
thrown [s\src\hotspot\share\interpreter\linkResolver.cpp, line 759]
Event: 25.687 Thread 0x00000232b0b20290 Exception <a 'java/lang/NoSuchMethodError'{0x00000000c2f70d88}: 'java.lang.Object java.lang.invoke.DirectMethodHandle$Holder.invokeInterface(java.lang.Object, java.lang.Object, int)'> (0x00000000c2f70d88) 
thrown [s\src\hotspot\share\interpreter\linkResolver.cpp, line 759]
Event: 25.693 Thread 0x00000232b0b20290 Exception <a 'java/lang/IncompatibleClassChangeError'{0x00000000c2f876c0}: Found class java.lang.Object, but interface was expected> (0x00000000c2f876c0) 
thrown [s\src\hotspot\share\interpreter\linkResolver.cpp, line 826]
Event: 26.055 Thread 0x00000232b0b20290 Exception <a 'java/lang/NoSuchMethodError'{0x00000000c42cdf58}: 'java.lang.Object java.lang.invoke.DirectMethodHandle$Holder.newInvokeSpecial(java.lang.Object, java.lang.Object, int, java.lang.Object, java.lang.Object)'> (0x00000000c42cdf58) 
thrown [s\src\hotspot\share\interpreter\linkResolver.cpp, line 759]
Event: 26.058 Thread 0x00000232b0b20290 Exception <a 'java/lang/NoSuchMethodError'{0x00000000c42e1098}: 'java.lang.Object java.lang.invoke.DirectMethodHandle$Holder.invokeSpecial(java.lang.Object, java.lang.Object, int, java.lang.Object, int, java.lang.Object)'> (0x00000000c42e1098) 
thrown [s\src\hotspot\share\interpreter\linkResolver.cpp, line 759]
Event: 26.059 Thread 0x00000232b0b20290 Exception <a 'java/lang/NoSuchMethodError'{0x00000000c42e8ea0}: 'java.lang.Object java.lang.invoke.DirectMethodHandle$Holder.newInvokeSpecial(java.lang.Object, java.lang.Object, int, java.lang.Object, int)'> (0x00000000c42e8ea0) 
thrown [s\src\hotspot\share\interpreter\linkResolver.cpp, line 759]
Event: 26.059 Thread 0x00000232b0b20290 Exception <a 'java/lang/NoSuchMethodError'{0x00000000c42ecfa0}: 'java.lang.Object java.lang.invoke.DirectMethodHandle$Holder.invokeSpecial(java.lang.Object, java.lang.Object, java.lang.Object, int, java.lang.Object, int)'> (0x00000000c42ecfa0) 
thrown [s\src\hotspot\share\interpreter\linkResolver.cpp, line 759]
Event: 26.816 Thread 0x00000232c0110110 Exception <a 'java/lang/NoSuchMethodError'{0x00000000c3750e28}: 'java.lang.Object java.lang.invoke.DirectMethodHandle$Holder.invokeStatic(java.lang.Object, int, java.lang.Object)'> (0x00000000c3750e28) 
thrown [s\src\hotspot\share\interpreter\linkResolver.cpp, line 759]
Event: 66.177 Thread 0x00000232c0ae0120 Exception <a 'java/lang/NoSuchMethodError'{0x00000000c4285508}: 'void java.lang.invoke.DirectMethodHandle$Holder.invokeStatic(java.lang.Object, long)'> (0x00000000c4285508) 
thrown [s\src\hotspot\share\interpreter\linkResolver.cpp, line 759]
Event: 66.178 Thread 0x00000232c0ae0120 Exception <a 'java/lang/NoSuchMethodError'{0x00000000c428a8b0}: 'java.lang.Object java.lang.invoke.DirectMethodHandle$Holder.newInvokeSpecial(java.lang.Object, long)'> (0x00000000c428a8b0) 
thrown [s\src\hotspot\share\interpreter\linkResolver.cpp, line 759]

VM Operations (20 events):
Event: 7350.749 Executing VM operation: G1CollectFull done
Event: 7361.165 Executing VM operation: G1CollectFull
Event: 7361.211 Executing VM operation: G1CollectFull done
Event: 7371.588 Executing VM operation: G1CollectFull
Event: 7371.630 Executing VM operation: G1CollectFull done
Event: 7381.988 Executing VM operation: G1CollectFull
Event: 7382.029 Executing VM operation: G1CollectFull done
Event: 7392.438 Executing VM operation: G1CollectFull
Event: 7392.481 Executing VM operation: G1CollectFull done
Event: 7402.830 Executing VM operation: G1CollectFull
Event: 7402.870 Executing VM operation: G1CollectFull done
Event: 7413.262 Executing VM operation: G1CollectFull
Event: 7413.310 Executing VM operation: G1CollectFull done
Event: 7423.942 Executing VM operation: G1CollectFull
Event: 7423.986 Executing VM operation: G1CollectFull done
Event: 7434.409 Executing VM operation: G1CollectFull
Event: 7434.452 Executing VM operation: G1CollectFull done
Event: 7444.835 Executing VM operation: G1CollectFull
Event: 7444.875 Executing VM operation: G1CollectFull done
Event: 7456.028 Executing VM operation: G1CollectFull

Events (20 events):
Event: 26.866 loading class java/util/concurrent/locks/AbstractQueuedSynchronizer$ExclusiveNode done
Event: 26.875 loading class java/util/concurrent/CompletableFuture$AsyncRun
Event: 26.875 loading class java/util/concurrent/CompletableFuture$AsyncRun done
Event: 26.877 Thread 0x00000232bbbe9890 Thread added: 0x00000232bbbe9890
Event: 26.880 loading class java/util/concurrent/ConcurrentHashMap$ValueSpliterator
Event: 26.880 loading class java/util/concurrent/ConcurrentHashMap$ValueSpliterator done
Event: 31.883 Thread 0x00000232c04b3200 Thread exited: 0x00000232c04b3200
Event: 31.883 Thread 0x00000232bbb92640 Thread exited: 0x00000232bbb92640
Event: 66.054 loading class java/lang/ProcessBuilder
Event: 66.071 loading class java/lang/ProcessBuilder done
Event: 66.072 loading class java/lang/ProcessImpl
Event: 66.073 loading class java/lang/ProcessImpl done
Event: 66.178 loading class java/lang/ProcessImpl$2
Event: 66.178 loading class java/lang/ProcessImpl$2 done
Event: 66.179 loading class java/lang/Process$PipeInputStream
Event: 66.179 loading class java/lang/Process$PipeInputStream done
Event: 66.179 loading class jdk/internal/event/ProcessStartEvent
Event: 66.180 loading class jdk/internal/event/ProcessStartEvent done
Event: 66.863 loading class java/io/FileOutputStream$1
Event: 66.863 loading class java/io/FileOutputStream$1 done


Dynamic libraries:
0x00007ff62a4a0000 - 0x00007ff62a4ae000 	c:\Users\Rodrigo\.vscode\extensions\redhat.java-1.29.0-win32-x64\jre\17.0.10-win32-x86_64\bin\java.exe
0x00007ff819670000 - 0x00007ff819868000 	C:\WINDOWS\SYSTEM32\ntdll.dll
0x00007fffaacc0000 - 0x00007fffaacd9000 	C:\Program Files\AVAST Software\Avast\aswhook.dll
0x00007ff818470000 - 0x00007ff81852d000 	C:\WINDOWS\System32\KERNEL32.DLL
0x00007ff8170a0000 - 0x00007ff817396000 	C:\WINDOWS\System32\KERNELBASE.dll
0x00007ff8175a0000 - 0x00007ff8176a0000 	C:\WINDOWS\System32\ucrtbase.dll
0x00007ffffe740000 - 0x00007ffffe757000 	c:\Users\Rodrigo\.vscode\extensions\redhat.java-1.29.0-win32-x64\jre\17.0.10-win32-x86_64\bin\jli.dll
0x00007ff8181a0000 - 0x00007ff81833e000 	C:\WINDOWS\System32\USER32.dll
0x00007ff816e00000 - 0x00007ff816e22000 	C:\WINDOWS\System32\win32u.dll
0x00007ff817830000 - 0x00007ff81785b000 	C:\WINDOWS\System32\GDI32.dll
0x00007ff816e30000 - 0x00007ff816f47000 	C:\WINDOWS\System32\gdi32full.dll
0x00007ff8173a0000 - 0x00007ff81743d000 	C:\WINDOWS\System32\msvcp_win.dll
0x00007ffffae40000 - 0x00007ffffae5b000 	c:\Users\Rodrigo\.vscode\extensions\redhat.java-1.29.0-win32-x64\jre\17.0.10-win32-x86_64\bin\VCRUNTIME140.dll
0x00007ff8160f0000 - 0x00007ff81638a000 	C:\WINDOWS\WinSxS\amd64_microsoft.windows.common-controls_6595b64144ccf1df_6.0.19041.3636_none_60b6a03d71f818d5\COMCTL32.dll
0x00007ff819070000 - 0x00007ff81910e000 	C:\WINDOWS\System32\msvcrt.dll
0x00007ff817740000 - 0x00007ff817772000 	C:\WINDOWS\System32\IMM32.DLL
0x00007ff8119d0000 - 0x00007ff8119dc000 	c:\Users\Rodrigo\.vscode\extensions\redhat.java-1.29.0-win32-x64\jre\17.0.10-win32-x86_64\bin\vcruntime140_1.dll
0x00007fffb7cd0000 - 0x00007fffb7d5d000 	c:\Users\Rodrigo\.vscode\extensions\redhat.java-1.29.0-win32-x64\jre\17.0.10-win32-x86_64\bin\msvcp140.dll
0x00007fffb2100000 - 0x00007fffb2d62000 	c:\Users\Rodrigo\.vscode\extensions\redhat.java-1.29.0-win32-x64\jre\17.0.10-win32-x86_64\bin\server\jvm.dll
0x00007ff8178c0000 - 0x00007ff817970000 	C:\WINDOWS\System32\ADVAPI32.dll
0x00007ff8176a0000 - 0x00007ff817740000 	C:\WINDOWS\System32\sechost.dll
0x00007ff819430000 - 0x00007ff819555000 	C:\WINDOWS\System32\RPCRT4.dll
0x00007ff816dd0000 - 0x00007ff816df7000 	C:\WINDOWS\System32\bcrypt.dll
0x00007ff816920000 - 0x00007ff81696b000 	C:\WINDOWS\SYSTEM32\POWRPROF.dll
0x00007ff808240000 - 0x00007ff808249000 	C:\WINDOWS\SYSTEM32\WSOCK32.dll
0x00007ff8193c0000 - 0x00007ff81942b000 	C:\WINDOWS\System32\WS2_32.dll
0x00007ff8085c0000 - 0x00007ff8085e7000 	C:\WINDOWS\SYSTEM32\WINMM.dll
0x00007ff806ef0000 - 0x00007ff806efa000 	C:\WINDOWS\SYSTEM32\VERSION.dll
0x00007ff816390000 - 0x00007ff8163a2000 	C:\WINDOWS\SYSTEM32\UMPDC.dll
0x00007ff814ef0000 - 0x00007ff814f02000 	C:\WINDOWS\SYSTEM32\kernel.appcore.dll
0x00007ff8115b0000 - 0x00007ff8115ba000 	c:\Users\Rodrigo\.vscode\extensions\redhat.java-1.29.0-win32-x64\jre\17.0.10-win32-x86_64\bin\jimage.dll
0x00007ff816730000 - 0x00007ff816914000 	C:\WINDOWS\SYSTEM32\DBGHELP.DLL
0x00007ff8164c0000 - 0x00007ff8164f4000 	C:\WINDOWS\SYSTEM32\dbgcore.DLL
0x00007ff816f50000 - 0x00007ff816fd2000 	C:\WINDOWS\System32\bcryptPrimitives.dll
0x00007fffec2b0000 - 0x00007fffec2d5000 	c:\Users\Rodrigo\.vscode\extensions\redhat.java-1.29.0-win32-x64\jre\17.0.10-win32-x86_64\bin\java.dll
0x00007ff800c10000 - 0x00007ff800c28000 	c:\Users\Rodrigo\.vscode\extensions\redhat.java-1.29.0-win32-x64\jre\17.0.10-win32-x86_64\bin\zip.dll
0x00007ff8179d0000 - 0x00007ff81813b000 	C:\WINDOWS\System32\SHELL32.dll
0x00007ff814660000 - 0x00007ff814dfe000 	C:\WINDOWS\SYSTEM32\windows.storage.dll
0x00007ff818ab0000 - 0x00007ff818e03000 	C:\WINDOWS\System32\combase.dll
0x00007ff816050000 - 0x00007ff81607e000 	C:\WINDOWS\SYSTEM32\Wldp.dll
0x00007ff819560000 - 0x00007ff81962d000 	C:\WINDOWS\System32\OLEAUT32.dll
0x00007ff817780000 - 0x00007ff81782d000 	C:\WINDOWS\System32\SHCORE.dll
0x00007ff817970000 - 0x00007ff8179c5000 	C:\WINDOWS\System32\shlwapi.dll
0x00007ff816c50000 - 0x00007ff816c75000 	C:\WINDOWS\SYSTEM32\profapi.dll
0x00007ffff1240000 - 0x00007ffff1259000 	C:\Users\Rodrigo\.vscode\extensions\redhat.java-1.29.0-win32-x64\jre\17.0.10-win32-x86_64\bin\net.dll
0x00007ff80c740000 - 0x00007ff80c84a000 	C:\WINDOWS\SYSTEM32\WINHTTP.dll
0x00007ff815f20000 - 0x00007ff815f8a000 	C:\WINDOWS\system32\mswsock.dll
0x00007fffede00000 - 0x00007fffede16000 	C:\Users\Rodrigo\.vscode\extensions\redhat.java-1.29.0-win32-x64\jre\17.0.10-win32-x86_64\bin\nio.dll
0x00007ff811140000 - 0x00007ff811150000 	c:\Users\Rodrigo\.vscode\extensions\redhat.java-1.29.0-win32-x64\jre\17.0.10-win32-x86_64\bin\verify.dll
0x00007ff816a90000 - 0x00007ff816aa8000 	C:\WINDOWS\SYSTEM32\CRYPTSP.dll
0x00007ff815740000 - 0x00007ff815774000 	C:\WINDOWS\system32\rsaenh.dll
0x00007ff816bd0000 - 0x00007ff816bfe000 	C:\WINDOWS\SYSTEM32\USERENV.dll
0x00007ff816010000 - 0x00007ff81601c000 	C:\WINDOWS\SYSTEM32\CRYPTBASE.dll
0x00007ff815aa0000 - 0x00007ff815adb000 	C:\WINDOWS\SYSTEM32\IPHLPAPI.DLL
0x00007ff818530000 - 0x00007ff818538000 	C:\WINDOWS\System32\NSI.dll
0x00007ff80ca50000 - 0x00007ff80ca67000 	C:\WINDOWS\SYSTEM32\dhcpcsvc6.DLL
0x00007ff80d060000 - 0x00007ff80d07d000 	C:\WINDOWS\SYSTEM32\dhcpcsvc.DLL
0x00007ff815ae0000 - 0x00007ff815bab000 	C:\WINDOWS\SYSTEM32\DNSAPI.dll
0x00007ff811620000 - 0x00007ff811629000 	C:\Users\Rodrigo\.vscode\extensions\redhat.java-1.29.0-win32-x64\jre\17.0.10-win32-x86_64\bin\management.dll
0x00007ff8115d0000 - 0x00007ff8115db000 	C:\Users\Rodrigo\.vscode\extensions\redhat.java-1.29.0-win32-x64\jre\17.0.10-win32-x86_64\bin\management_ext.dll
0x00007ff8192c0000 - 0x00007ff8192c8000 	C:\WINDOWS\System32\PSAPI.DLL

dbghelp: loaded successfully - version: 4.0.5 - missing functions: none
symbol engine: initialized successfully - sym options: 0x614 - pdb path: .;c:\Users\Rodrigo\.vscode\extensions\redhat.java-1.29.0-win32-x64\jre\17.0.10-win32-x86_64\bin;C:\WINDOWS\SYSTEM32;C:\Program Files\AVAST Software\Avast;C:\WINDOWS\WinSxS\amd64_microsoft.windows.common-controls_6595b64144ccf1df_6.0.19041.3636_none_60b6a03d71f818d5;c:\Users\Rodrigo\.vscode\extensions\redhat.java-1.29.0-win32-x64\jre\17.0.10-win32-x86_64\bin\server

VM Arguments:
jvm_args: -XX:+HeapDumpOnOutOfMemoryError -Xmx1024m -Dsts.lsp.client=vscode -Dsts.log.file=/dev/null -XX:TieredStopAtLevel=1 -Xlog:jni+resolve=off -Dspring.config.location=file:c:\Users\Rodrigo\.vscode\extensions\vmware.vscode-spring-boot-1.53.0\language-server\BOOT-INF\classes\application.properties 
java_command: org.springframework.ide.vscode.boot.app.BootLanguageServerBootApp
java_class_path (initial): c:\Users\Rodrigo\.vscode\extensions\vmware.vscode-spring-boot-1.53.0\language-server\BOOT-INF\classes;c:\Users\Rodrigo\.vscode\extensions\vmware.vscode-spring-boot-1.53.0\language-server\BOOT-INF\lib\annotations-24.1.0.jar;c:\Users\Rodrigo\.vscode\extensions\vmware.vscode-spring-boot-1.53.0\language-server\BOOT-INF\lib\antlr4-runtime-4.11.1.jar;c:\Users\Rodrigo\.vscode\extensions\vmware.vscode-spring-boot-1.53.0\language-server\BOOT-INF\lib\asm-9.6.jar;c:\Users\Rodrigo\.vscode\extensions\vmware.vscode-spring-boot-1.53.0\language-server\BOOT-INF\lib\asm-analysis-9.6.jar;c:\Users\Rodrigo\.vscode\extensions\vmware.vscode-spring-boot-1.53.0\language-server\BOOT-INF\lib\asm-tree-9.6.jar;c:\Users\Rodrigo\.vscode\extensions\vmware.vscode-spring-boot-1.53.0\language-server\BOOT-INF\lib\asm-util-9.6.jar;c:\Users\Rodrigo\.vscode\extensions\vmware.vscode-spring-boot-1.53.0\language-server\BOOT-INF\lib\caffeine-3.1.8.jar;c:\Users\Rodrigo\.vscode\extensions\vmware.vscode-spring-boot-1.53.0\language-server\BOOT-INF\lib\checker-qual-3.12.0.jar;c:\Users\Rodrigo\.vscode\extensions\vmware.vscode-spring-boot-1.53.0\language-server\BOOT-INF\lib\classgraph-4.8.149.jar;c:\Users\Rodrigo\.vscode\extensions\vmware.vscode-spring-boot-1.53.0\language-server\BOOT-INF\lib\commons-codec-1.16.1.jar;c:\Users\Rodrigo\.vscode\extensions\vmware.vscode-spring-boot-1.53.0\language-server\BOOT-INF\lib\commons-compress-1.26.0.jar;c:\Users\Rodrigo\.vscode\extensions\vmware.vscode-spring-boot-1.53.0\language-server\BOOT-INF\lib\commons-io-2.4.jar;c:\Users\Rodrigo\.vscode\extensions\vmware.vscode-spring-boot-1.53.0\language-server\BOOT-INF\lib\commons-java-1.53.0-SNAPSHOT.jar;c:\Users\Rodrigo\.vscode\extensions\vmware.vscode-spring-boot-1.53.0\language-server\BOOT-INF\lib\commons-lang3-3.13.0.jar;c:\Users\Rodrigo\.vscode\extensions\vmware.vscode-spring-boot-1.53.0\language-server\BOOT-INF\lib\commons-language-server-1.53.0-SNAPSHOT.jar;c:\Users\Rodrigo\.vscode\extensions\vmware.
Launcher Type: SUN_STANDARD

[Global flags]
     intx CICompilerCount                          = 3                                         {product} {ergonomic}
     uint ConcGCThreads                            = 1                                         {product} {ergonomic}
     uint G1ConcRefinementThreads                  = 4                                         {product} {ergonomic}
   size_t G1HeapRegionSize                         = 1048576                                   {product} {ergonomic}
    uintx GCDrainStackTargetSize                   = 64                                        {product} {ergonomic}
     bool HeapDumpOnOutOfMemoryError               = true                                   {manageable} {command line}
   size_t InitialHeapSize                          = 98566144                                  {product} {ergonomic}
   size_t MarkStackSize                            = 4194304                                   {product} {ergonomic}
   size_t MaxHeapSize                              = 1073741824                                {product} {command line}
   size_t MaxNewSize                               = 643825664                                 {product} {ergonomic}
   size_t MinHeapDeltaBytes                        = 1048576                                   {product} {ergonomic}
   size_t MinHeapSize                              = 8388608                                   {product} {ergonomic}
    uintx NonProfiledCodeHeapSize                  = 0                                      {pd product} {ergonomic}
     bool ProfileInterpreter                       = false                                  {pd product} {command line}
    uintx ProfiledCodeHeapSize                     = 0                                      {pd product} {ergonomic}
   size_t SoftMaxHeapSize                          = 1073741824                             {manageable} {ergonomic}
     intx TieredStopAtLevel                        = 1                                         {product} {command line}
     bool UseCompressedClassPointers               = true                           {product lp64_product} {ergonomic}
     bool UseCompressedOops                        = true                           {product lp64_product} {ergonomic}
     bool UseG1GC                                  = true                                      {product} {ergonomic}
     bool UseLargePagesIndividualAllocation        = false                                  {pd product} {ergonomic}

Logging:
Log output configuration:
 #0: stdout all=warning,jni+resolve=off uptime,level,tags
 #1: stderr all=off uptime,level,tags

Environment Variables:
JAVA_HOME=C:\Program Files\Java\zulu11.52.13-ca-jdk11.0.13-win_x64
CLASSPATH=.;
PATH=C:\app\Rodrigo\product\18.0.0\dbhomeXE\bin;C:\Program Files\Zulu\zulu-11\bin\;\C:\Program Files\Java\zulu11.52.13-ca-jdk11.0.13-win_x64\bin;C:\Python27\;C:\Python27\Scripts;C:\WINDOWS\system32;C:\WINDOWS;C:\WINDOWS\System32\Wbem;C:\WINDOWS\System32\WindowsPowerShell\v1.0\;C:\WINDOWS\System32\OpenSSH\;C:\ProgramData\chocolatey\bin;C:\Program Files\Java\jdk1.8.0_211\bin;C:\Users\Rodrigo\APPDATA%\Android\Sdk\platform-tools;C:\Program Files\Git\cmd;C:\apache-maven-3.8.4\bin;C:\Program Files\nodejs\;C:\Program Files\dotnet\;C:\Windows\Microsoft.NET\Framework64\v4.0.30319;C:\Program Files\Maven\apache-maven-3.9.6\bin;C:\Program Files\MySQL\MySQL Shell 8.0\bin\;C:\Users\Rodrigo\AppData\Local\Programs\Python\Python39\Scripts\;C:\Users\Rodrigo\AppData\Local\Programs\Python\Python39\;C:\Users\Rodrigo\AppData\Local\Microsoft\WindowsApps;C:\Program Files\heroku\bin;C:\Users\Rodrigo\AppData\Local\Programs\Microsoft VS Code\bin;C:\Users\Rodrigo\AppData\Local\GitHubDesktop\bin;C:\Users\Rodrigo\AppData\Roaming\npm;C:\Users\Rodrigo\.dotnet\tools;C:\Windows\Microsoft.NET\Framework64\v4.0.30319;
USERNAME=Rodrigo
OS=Windows_NT
PROCESSOR_IDENTIFIER=Intel64 Family 6 Model 37 Stepping 5, GenuineIntel
TMP=C:\Users\Rodrigo\AppData\Local\Temp
TEMP=C:\Users\Rodrigo\AppData\Local\Temp



Periodic native trim disabled


---------------  S Y S T E M  ---------------

OS:
 Windows 10 , 64 bit Build 19041 (10.0.19041.3636)
OS uptime: 2 days 8:01 hours

CPU: total 4 (initial active 4) (2 cores per cpu, 2 threads per core) family 6 model 37 stepping 5 microcode 0x7, cx8, cmov, fxsr, ht, mmx, sse, sse2, sse3, ssse3, sse4.1, sse4.2, popcnt, tsc, tscinvbit, clflush
Processor Information for all 4 processors :
  Max Mhz: 2400, Current Mhz: 2400, Mhz Limit: 2400

Memory: 4k page, system-wide physical 5940M (632M free)
TotalPageFile size 10822M (AvailPageFile size 60M)
current process WorkingSet (physical memory assigned to process): 98M, peak: 160M
current process commit charge ("private bytes"): 191M, peak: 197M

vm_info: OpenJDK 64-Bit Server VM (17.0.10+7) for windows-amd64 JRE (17.0.10+7), built on Jan 16 2024 23:25:11 by "admin" with MS VC++ 16.10 / 16.11 (VS2019)

END.
